# JRE version: OpenJDK Runtime Environment (11.0.13) (build 11.0.13+0-b1751.21-8125866)
# Java VM: OpenJDK 64-Bit Server VM (11.0.13+0-b1751.21-8125866, mixed mode, tiered, compressed oops, g1 gc, windows-amd64)
Heap:
 garbage-first heap   total 262144K, used 185502K [0x0000000080000000, 0x0000000100000000)
  region size 1024K, 77 young (78848K), 15 survivors (15360K)
 Metaspace       used 99418K, capacity 101901K, committed 102184K, reserved 1138688K
  class space    used 12771K, capacity 13739K, committed 13772K, reserved 1048576K
GC Heap History (20 events):
Event: 2.877 GC heap before
{Heap before GC invocations=3 (full 0):
 garbage-first heap   total 262144K, used 82840K [0x0000000080000000, 0x0000000100000000)
  region size 1024K, 75 young (76800K), 11 survivors (11264K)
 Metaspace       used 27211K, capacity 27875K, committed 28160K, reserved 1073152K
  class space    used 3538K, capacity 3772K, committed 3840K, reserved 1048576K
}
Event: 2.884 GC heap after
{Heap after GC invocations=4 (full 0):
 garbage-first heap   total 262144K, used 19811K [0x0000000080000000, 0x0000000100000000)
  region size 1024K, 3 young (3072K), 3 survivors (3072K)
 Metaspace       used 27211K, capacity 27875K, committed 28160K, reserved 1073152K
  class space    used 3538K, capacity 3772K, committed 3840K, reserved 1048576K
}
Event: 3.566 GC heap before
{Heap before GC invocations=4 (full 0):
 garbage-first heap   total 262144K, used 72035K [0x0000000080000000, 0x0000000100000000)
  region size 1024K, 55 young (56320K), 3 survivors (3072K)
 Metaspace       used 35201K, capacity 35982K, committed 36048K, reserved 1081344K
  class space    used 4532K, capacity 4840K, committed 4864K, reserved 1048576K
}
Event: 3.572 GC heap after
{Heap after GC invocations=5 (full 0):
 garbage-first heap   total 262144K, used 22756K [0x0000000080000000, 0x0000000100000000)
  region size 1024K, 6 young (6144K), 6 survivors (6144K)
 Metaspace       used 35201K, capacity 35982K, committed 36048K, reserved 1081344K
  class space    used 4532K, capacity 4840K, committed 4864K, reserved 1048576K
}
Event: 4.750 GC heap before
{Heap before GC invocations=6 (full 0):
 garbage-first heap   total 262144K, used 147684K [0x0000000080000000, 0x0000000100000000)
  region size 1024K, 125 young (128000K), 6 survivors (6144K)
 Metaspace       used 45279K, capacity 46268K, committed 46492K, reserved 1089536K
  class space    used 5751K, capacity 6141K, committed 6144K, reserved 1048576K
}
Event: 4.760 GC heap after
{Heap after GC invocations=7 (full 0):
 garbage-first heap   total 262144K, used 29805K [0x0000000080000000, 0x0000000100000000)
  region size 1024K, 13 young (13312K), 13 survivors (13312K)
 Metaspace       used 45279K, capacity 46268K, committed 46492K, reserved 1089536K
  class space    used 5751K, capacity 6141K, committed 6144K, reserved 1048576K
}
Event: 6.279 GC heap before
{Heap before GC invocations=7 (full 0):
 garbage-first heap   total 262144K, used 175213K [0x0000000080000000, 0x0000000100000000)
  region size 1024K, 145 young (148480K), 13 survivors (13312K)
 Metaspace       used 54211K, capacity 55578K, committed 55708K, reserved 1097728K
  class space    used 6878K, capacity 7396K, committed 7424K, reserved 1048576K
}
Event: 6.293 GC heap after
{Heap after GC invocations=8 (full 0):
 garbage-first heap   total 262144K, used 50514K [0x0000000080000000, 0x0000000100000000)
  region size 1024K, 19 young (19456K), 19 survivors (19456K)
 Metaspace       used 54211K, capacity 55578K, committed 55708K, reserved 1097728K
  class space    used 6878K, capacity 7396K, committed 7424K, reserved 1048576K
}
Event: 6.739 GC heap before
{Heap before GC invocations=8 (full 0):
 garbage-first heap   total 262144K, used 83282K [0x0000000080000000, 0x0000000100000000)
  region size 1024K, 52 young (53248K), 19 survivors (19456K)
 Metaspace       used 59137K, capacity 60570K, committed 60636K, reserved 1101824K
  class space    used 7476K, capacity 8055K, committed 8064K, reserved 1048576K
}
Event: 6.752 GC heap after
{Heap after GC invocations=9 (full 0):
 garbage-first heap   total 262144K, used 53345K [0x0000000080000000, 0x0000000100000000)
  region size 1024K, 3 young (3072K), 3 survivors (3072K)
 Metaspace       used 59137K, capacity 60570K, committed 60636K, reserved 1101824K
  class space    used 7476K, capacity 8055K, committed 8064K, reserved 1048576K
}
Event: 7.981 GC heap before
{Heap before GC invocations=10 (full 0):
 garbage-first heap   total 262144K, used 191585K [0x0000000080000000, 0x0000000100000000)
  region size 1024K, 131 young (134144K), 3 survivors (3072K)
 Metaspace       used 67930K, capacity 69511K, committed 69800K, reserved 1110016K
  class space    used 8569K, capacity 9202K, committed 9292K, reserved 1048576K
}
Event: 7.993 GC heap after
{Heap after GC invocations=11 (full 0):
 garbage-first heap   total 262144K, used 61646K [0x0000000080000000, 0x0000000100000000)
  region size 1024K, 12 young (12288K), 12 survivors (12288K)
 Metaspace       used 67930K, capacity 69511K, committed 69800K, reserved 1110016K
  class space    used 8569K, capacity 9202K, committed 9292K, reserved 1048576K
}
Event: 9.498 GC heap before
{Heap before GC invocations=12 (full 0):
 garbage-first heap   total 262144K, used 189646K [0x0000000080000000, 0x0000000100000000)
  region size 1024K, 137 young (140288K), 12 survivors (12288K)
 Metaspace       used 78683K, capacity 80321K, committed 80552K, reserved 1120256K
  class space    used 10160K, capacity 10792K, committed 10828K, reserved 1048576K
}
Event: 9.510 GC heap after
{Heap after GC invocations=13 (full 0):
 garbage-first heap   total 262144K, used 69978K [0x0000000080000000, 0x0000000100000000)
  region size 1024K, 9 young (9216K), 9 survivors (9216K)
 Metaspace       used 78683K, capacity 80321K, committed 80552K, reserved 1120256K
  class space    used 10160K, capacity 10792K, committed 10828K, reserved 1048576K
}
Event: 10.895 GC heap before
{Heap before GC invocations=13 (full 0):
 garbage-first heap   total 262144K, used 195930K [0x0000000080000000, 0x0000000100000000)
  region size 1024K, 133 young (136192K), 9 survivors (9216K)
 Metaspace       used 86536K, capacity 88591K, committed 88872K, reserved 1126400K
  class space    used 11278K, capacity 12123K, committed 12236K, reserved 1048576K
}
Event: 10.908 GC heap after
{Heap after GC invocations=14 (full 0):
 garbage-first heap   total 262144K, used 78709K [0x0000000080000000, 0x0000000100000000)
  region size 1024K, 17 young (17408K), 17 survivors (17408K)
 Metaspace       used 86536K, capacity 88591K, committed 88872K, reserved 1126400K
  class space    used 11278K, capacity 12123K, committed 12236K, reserved 1048576K
}
Event: 11.809 GC heap before
{Heap before GC invocations=14 (full 0):
 garbage-first heap   total 262144K, used 200565K [0x0000000080000000, 0x0000000100000000)
  region size 1024K, 137 young (140288K), 17 survivors (17408K)
 Metaspace       used 89401K, capacity 91692K, committed 91944K, reserved 1128448K
  class space    used 11549K, capacity 12441K, committed 12492K, reserved 1048576K
}
Event: 11.826 GC heap after
{Heap after GC invocations=15 (full 0):
 garbage-first heap   total 262144K, used 86107K [0x0000000080000000, 0x0000000100000000)
  region size 1024K, 17 young (17408K), 17 survivors (17408K)
 Metaspace       used 89401K, capacity 91692K, committed 91944K, reserved 1128448K
  class space    used 11549K, capacity 12441K, committed 12492K, reserved 1048576K
}
Event: 13.763 GC heap before
{Heap before GC invocations=15 (full 0):
 garbage-first heap   total 262144K, used 203867K [0x0000000080000000, 0x0000000100000000)
  region size 1024K, 133 young (136192K), 17 survivors (17408K)
 Metaspace       used 95119K, capacity 97390K, committed 97576K, reserved 1134592K
  class space    used 12243K, capacity 13125K, committed 13260K, reserved 1048576K
}
Event: 13.777 GC heap after
{Heap after GC invocations=16 (full 0):
 garbage-first heap   total 262144K, used 93342K [0x0000000080000000, 0x0000000100000000)
  region size 1024K, 15 young (15360K), 15 survivors (15360K)
 Metaspace       used 95119K, capacity 97390K, committed 97576K, reserved 1134592K
  class space    used 12243K, capacity 13125K, committed 13260K, reserved 1048576K
}

